mode: atomic
github.com/gvtret/spodes-go/examples/client/main.go:12.13,15.16 3 0
github.com/gvtret/spodes-go/examples/client/main.go:15.16,17.3 1 0
github.com/gvtret/spodes-go/examples/client/main.go:18.2,28.16 7 0
github.com/gvtret/spodes-go/examples/client/main.go:28.16,30.3 1 0
github.com/gvtret/spodes-go/examples/client/main.go:31.2,32.16 2 0
github.com/gvtret/spodes-go/examples/client/main.go:32.16,34.3 1 0
github.com/gvtret/spodes-go/examples/client/main.go:37.2,39.16 3 0
github.com/gvtret/spodes-go/examples/client/main.go:39.16,41.3 1 0
github.com/gvtret/spodes-go/examples/client/main.go:42.2,44.16 3 0
github.com/gvtret/spodes-go/examples/client/main.go:44.16,46.3 1 0
github.com/gvtret/spodes-go/examples/client/main.go:47.2,47.24 1 0
github.com/gvtret/spodes-go/examples/client/main.go:47.24,49.3 1 0
github.com/gvtret/spodes-go/examples/client/main.go:50.2,50.29 1 0
github.com/gvtret/spodes-go/examples/client/main.go:50.29,52.3 1 0
github.com/gvtret/spodes-go/examples/client/main.go:53.2,59.16 5 0
github.com/gvtret/spodes-go/examples/client/main.go:59.16,61.3 1 0
github.com/gvtret/spodes-go/examples/client/main.go:62.2,63.31 2 0
github.com/gvtret/spodes-go/examples/client/main.go:63.31,66.17 3 0
github.com/gvtret/spodes-go/examples/client/main.go:66.17,68.4 1 0
github.com/gvtret/spodes-go/examples/client/main.go:72.2,73.16 2 0
github.com/gvtret/spodes-go/examples/client/main.go:73.16,75.3 1 0
github.com/gvtret/spodes-go/examples/client/main.go:76.2,78.16 3 0
github.com/gvtret/spodes-go/examples/client/main.go:78.16,80.3 1 0
github.com/gvtret/spodes-go/examples/client/main.go:81.2,81.24 1 0
github.com/gvtret/spodes-go/examples/client/main.go:81.24,83.3 1 0
github.com/gvtret/spodes-go/examples/client/main.go:84.2,90.16 5 0
github.com/gvtret/spodes-go/examples/client/main.go:90.16,92.3 1 0
github.com/gvtret/spodes-go/examples/client/main.go:93.2,94.16 2 0
github.com/gvtret/spodes-go/examples/client/main.go:94.16,96.3 1 0
github.com/gvtret/spodes-go/examples/client/main.go:99.2,100.16 2 0
github.com/gvtret/spodes-go/examples/client/main.go:100.16,102.3 1 0
github.com/gvtret/spodes-go/examples/client/main.go:103.2,105.16 3 0
github.com/gvtret/spodes-go/examples/client/main.go:105.16,107.3 1 0
github.com/gvtret/spodes-go/examples/client/main.go:108.2,108.24 1 0
github.com/gvtret/spodes-go/examples/client/main.go:108.24,110.3 1 0
github.com/gvtret/spodes-go/examples/client/main.go:111.2,111.28 1 0
github.com/gvtret/spodes-go/examples/client/main.go:111.28,113.3 1 0
github.com/gvtret/spodes-go/examples/client/main.go:114.2,114.40 1 0
github.com/gvtret/spodes-go/examples/server/main.go:12.13,15.16 2 0
github.com/gvtret/spodes-go/examples/server/main.go:15.16,17.3 1 0
github.com/gvtret/spodes-go/examples/server/main.go:18.2,23.16 5 0
github.com/gvtret/spodes-go/examples/server/main.go:23.16,25.3 1 0
github.com/gvtret/spodes-go/examples/server/main.go:26.2,31.6 4 0
github.com/gvtret/spodes-go/examples/server/main.go:31.6,33.17 2 0
github.com/gvtret/spodes-go/examples/server/main.go:33.17,36.12 2 0
github.com/gvtret/spodes-go/examples/server/main.go:38.3,38.28 1 0
github.com/gvtret/spodes-go/examples/server/main.go:42.38,51.6 6 0
github.com/gvtret/spodes-go/examples/server/main.go:51.6,53.17 2 0
github.com/gvtret/spodes-go/examples/server/main.go:53.17,56.4 2 0
github.com/gvtret/spodes-go/examples/server/main.go:58.3,61.17 3 0
github.com/gvtret/spodes-go/examples/server/main.go:61.17,64.70 2 0
github.com/gvtret/spodes-go/examples/server/main.go:64.70,66.5 1 0
github.com/gvtret/spodes-go/examples/server/main.go:67.4,67.12 1 0
github.com/gvtret/spodes-go/examples/server/main.go:70.3,70.34 1 0
github.com/gvtret/spodes-go/examples/server/main.go:70.34,73.18 3 0
github.com/gvtret/spodes-go/examples/server/main.go:73.18,76.5 2 0
github.com/gvtret/spodes-go/examples/server/main.go:80.3,80.41 1 0
github.com/gvtret/spodes-go/examples/server/main.go:80.41,82.18 2 0
github.com/gvtret/spodes-go/examples/server/main.go:82.18,84.10 2 0
github.com/gvtret/spodes-go/examples/server/main.go:86.4,86.66 1 0
github.com/gvtret/spodes-go/examples/udp_client/main.go:12.13,15.16 3 0
github.com/gvtret/spodes-go/examples/udp_client/main.go:15.16,17.3 1 0
github.com/gvtret/spodes-go/examples/udp_client/main.go:19.2,20.16 2 0
github.com/gvtret/spodes-go/examples/udp_client/main.go:20.16,22.3 1 0
github.com/gvtret/spodes-go/examples/udp_client/main.go:23.2,32.16 7 0
github.com/gvtret/spodes-go/examples/udp_client/main.go:32.16,34.3 1 0
github.com/gvtret/spodes-go/examples/udp_client/main.go:35.2,36.16 2 0
github.com/gvtret/spodes-go/examples/udp_client/main.go:36.16,38.3 1 0
github.com/gvtret/spodes-go/examples/udp_client/main.go:41.2,43.16 3 0
github.com/gvtret/spodes-go/examples/udp_client/main.go:43.16,45.3 1 0
github.com/gvtret/spodes-go/examples/udp_client/main.go:46.2,48.16 3 0
github.com/gvtret/spodes-go/examples/udp_client/main.go:48.16,50.3 1 0
github.com/gvtret/spodes-go/examples/udp_client/main.go:52.2,52.29 1 0
github.com/gvtret/spodes-go/examples/udp_client/main.go:52.29,54.3 1 0
github.com/gvtret/spodes-go/examples/udp_client/main.go:55.2,61.16 5 0
github.com/gvtret/spodes-go/examples/udp_client/main.go:61.16,63.3 1 0
github.com/gvtret/spodes-go/examples/udp_client/main.go:64.2,64.31 1 0
github.com/gvtret/spodes-go/examples/udp_client/main.go:64.31,66.17 2 0
github.com/gvtret/spodes-go/examples/udp_client/main.go:66.17,68.4 1 0
github.com/gvtret/spodes-go/examples/udp_client/main.go:70.3,70.36 1 0
github.com/gvtret/spodes-go/examples/udp_client/main.go:74.2,75.16 2 0
github.com/gvtret/spodes-go/examples/udp_client/main.go:75.16,77.3 1 0
github.com/gvtret/spodes-go/examples/udp_client/main.go:78.2,80.16 3 0
github.com/gvtret/spodes-go/examples/udp_client/main.go:80.16,82.3 1 0
github.com/gvtret/spodes-go/examples/udp_client/main.go:83.2,89.16 5 0
github.com/gvtret/spodes-go/examples/udp_client/main.go:89.16,91.3 1 0
github.com/gvtret/spodes-go/examples/udp_client/main.go:92.2,93.16 2 0
github.com/gvtret/spodes-go/examples/udp_client/main.go:93.16,95.3 1 0
github.com/gvtret/spodes-go/examples/udp_client/main.go:98.2,99.16 2 0
github.com/gvtret/spodes-go/examples/udp_client/main.go:99.16,101.3 1 0
github.com/gvtret/spodes-go/examples/udp_client/main.go:102.2,104.16 3 0
github.com/gvtret/spodes-go/examples/udp_client/main.go:104.16,106.3 1 0
github.com/gvtret/spodes-go/examples/udp_client/main.go:108.2,108.28 1 0
github.com/gvtret/spodes-go/examples/udp_client/main.go:108.28,110.3 1 0
github.com/gvtret/spodes-go/examples/udp_client/main.go:111.2,111.40 1 0
github.com/gvtret/spodes-go/examples/udp_server/main.go:15.13,18.16 3 0
github.com/gvtret/spodes-go/examples/udp_server/main.go:18.16,20.3 1 0
github.com/gvtret/spodes-go/examples/udp_server/main.go:22.2,23.16 2 0
github.com/gvtret/spodes-go/examples/udp_server/main.go:23.16,25.3 1 0
github.com/gvtret/spodes-go/examples/udp_server/main.go:26.2,30.6 4 0
github.com/gvtret/spodes-go/examples/udp_server/main.go:30.6,32.17 2 0
github.com/gvtret/spodes-go/examples/udp_server/main.go:32.17,34.12 2 0
github.com/gvtret/spodes-go/examples/udp_server/main.go:37.3,37.45 1 0
github.com/gvtret/spodes-go/examples/udp_server/main.go:41.76,44.13 3 0
github.com/gvtret/spodes-go/examples/udp_server/main.go:44.13,51.3 4 0
github.com/gvtret/spodes-go/examples/udp_server/main.go:52.2,57.16 4 0
github.com/gvtret/spodes-go/examples/udp_server/main.go:57.16,60.3 2 0
github.com/gvtret/spodes-go/examples/udp_server/main.go:62.2,62.33 1 0
github.com/gvtret/spodes-go/examples/udp_server/main.go:62.33,65.17 3 0
github.com/gvtret/spodes-go/examples/udp_server/main.go:65.17,67.4 1 0
github.com/gvtret/spodes-go/pkg/axdr/compact_array.go:19.67,24.18 3 2
github.com/gvtret/spodes-go/pkg/axdr/compact_array.go:24.18,26.3 1 0
github.com/gvtret/spodes-go/pkg/axdr/compact_array.go:27.2,31.30 3 2
github.com/gvtret/spodes-go/pkg/axdr/compact_array.go:31.30,33.17 2 5
github.com/gvtret/spodes-go/pkg/axdr/compact_array.go:33.17,35.4 1 0
github.com/gvtret/spodes-go/pkg/axdr/compact_array.go:36.3,36.20 1 5
github.com/gvtret/spodes-go/pkg/axdr/compact_array.go:36.20,39.4 1 5
github.com/gvtret/spodes-go/pkg/axdr/compact_array.go:41.2,41.12 1 2
github.com/gvtret/spodes-go/pkg/axdr/compact_array.go:47.68,50.16 2 2
github.com/gvtret/spodes-go/pkg/axdr/compact_array.go:50.16,52.3 1 0
github.com/gvtret/spodes-go/pkg/axdr/compact_array.go:54.2,55.16 2 2
github.com/gvtret/spodes-go/pkg/axdr/compact_array.go:55.16,57.3 1 0
github.com/gvtret/spodes-go/pkg/axdr/compact_array.go:59.2,60.35 2 2
github.com/gvtret/spodes-go/pkg/axdr/compact_array.go:60.35,62.23 2 5
github.com/gvtret/spodes-go/pkg/axdr/compact_array.go:63.19,64.36 1 0
github.com/gvtret/spodes-go/pkg/axdr/compact_array.go:65.36,66.33 1 3
github.com/gvtret/spodes-go/pkg/axdr/compact_array.go:67.30,68.34 1 0
github.com/gvtret/spodes-go/pkg/axdr/compact_array.go:69.38,70.34 1 0
github.com/gvtret/spodes-go/pkg/axdr/compact_array.go:71.46,72.35 1 0
github.com/gvtret/spodes-go/pkg/axdr/compact_array.go:73.42,74.34 1 0
github.com/gvtret/spodes-go/pkg/axdr/compact_array.go:75.51,76.35 1 0
github.com/gvtret/spodes-go/pkg/axdr/compact_array.go:77.18,78.34 1 0
github.com/gvtret/spodes-go/pkg/axdr/compact_array.go:79.19,80.35 1 0
github.com/gvtret/spodes-go/pkg/axdr/compact_array.go:81.19,82.36 1 0
github.com/gvtret/spodes-go/pkg/axdr/compact_array.go:83.19,84.36 1 0
github.com/gvtret/spodes-go/pkg/axdr/compact_array.go:85.23,86.40 1 0
github.com/gvtret/spodes-go/pkg/axdr/compact_array.go:87.25,88.42 1 0
github.com/gvtret/spodes-go/pkg/axdr/compact_array.go:89.21,90.38 1 0
github.com/gvtret/spodes-go/pkg/axdr/compact_array.go:91.15,92.32 1 0
github.com/gvtret/spodes-go/pkg/axdr/compact_array.go:93.16,94.33 1 2
github.com/gvtret/spodes-go/pkg/axdr/compact_array.go:95.16,96.33 1 0
github.com/gvtret/spodes-go/pkg/axdr/compact_array.go:97.20,98.37 1 0
github.com/gvtret/spodes-go/pkg/axdr/compact_array.go:99.11,100.81 1 0
github.com/gvtret/spodes-go/pkg/axdr/compact_array.go:102.3,102.17 1 5
github.com/gvtret/spodes-go/pkg/axdr/compact_array.go:102.17,104.4 1 0
github.com/gvtret/spodes-go/pkg/axdr/compact_array.go:105.3,105.18 1 5
github.com/gvtret/spodes-go/pkg/axdr/compact_array.go:107.2,107.65 1 2
github.com/gvtret/spodes-go/pkg/axdr/decoder.go:12.47,15.2 2 43
github.com/gvtret/spodes-go/pkg/axdr/decoder.go:25.13,27.60 1 1
github.com/gvtret/spodes-go/pkg/axdr/decoder.go:27.60,29.4 1 1
github.com/gvtret/spodes-go/pkg/axdr/decoder.go:63.61,64.23 1 56
github.com/gvtret/spodes-go/pkg/axdr/decoder.go:64.23,66.3 1 0
github.com/gvtret/spodes-go/pkg/axdr/decoder.go:67.2,68.16 2 56
github.com/gvtret/spodes-go/pkg/axdr/decoder.go:68.16,70.3 1 0
github.com/gvtret/spodes-go/pkg/axdr/decoder.go:71.2,74.45 2 56
github.com/gvtret/spodes-go/pkg/axdr/decoder.go:74.45,76.3 1 56
github.com/gvtret/spodes-go/pkg/axdr/decoder.go:77.2,77.56 1 0
github.com/gvtret/spodes-go/pkg/axdr/decoder.go:83.63,85.16 2 2
github.com/gvtret/spodes-go/pkg/axdr/decoder.go:85.16,87.3 1 0
github.com/gvtret/spodes-go/pkg/axdr/decoder.go:88.2,88.20 1 2
github.com/gvtret/spodes-go/pkg/axdr/decoder.go:94.60,96.16 2 13
github.com/gvtret/spodes-go/pkg/axdr/decoder.go:96.16,98.3 1 0
github.com/gvtret/spodes-go/pkg/axdr/decoder.go:99.2,99.21 1 13
github.com/gvtret/spodes-go/pkg/axdr/decoder.go:105.61,107.68 2 2
github.com/gvtret/spodes-go/pkg/axdr/decoder.go:107.68,109.3 1 0
github.com/gvtret/spodes-go/pkg/axdr/decoder.go:110.2,110.17 1 2
github.com/gvtret/spodes-go/pkg/axdr/decoder.go:116.61,118.16 2 2
github.com/gvtret/spodes-go/pkg/axdr/decoder.go:118.16,120.3 1 0
github.com/gvtret/spodes-go/pkg/axdr/decoder.go:121.2,121.22 1 2
github.com/gvtret/spodes-go/pkg/axdr/decoder.go:127.62,129.68 2 2
github.com/gvtret/spodes-go/pkg/axdr/decoder.go:129.68,131.3 1 0
github.com/gvtret/spodes-go/pkg/axdr/decoder.go:132.2,132.17 1 2
github.com/gvtret/spodes-go/pkg/axdr/decoder.go:138.61,140.68 2 2
github.com/gvtret/spodes-go/pkg/axdr/decoder.go:140.68,142.3 1 0
github.com/gvtret/spodes-go/pkg/axdr/decoder.go:143.2,143.17 1 2
github.com/gvtret/spodes-go/pkg/axdr/decoder.go:149.62,151.68 2 2
github.com/gvtret/spodes-go/pkg/axdr/decoder.go:151.68,153.3 1 0
github.com/gvtret/spodes-go/pkg/axdr/decoder.go:154.2,154.17 1 2
github.com/gvtret/spodes-go/pkg/axdr/decoder.go:160.61,162.68 2 2
github.com/gvtret/spodes-go/pkg/axdr/decoder.go:162.68,164.3 1 0
github.com/gvtret/spodes-go/pkg/axdr/decoder.go:165.2,165.17 1 2
github.com/gvtret/spodes-go/pkg/axdr/decoder.go:171.62,173.68 2 2
github.com/gvtret/spodes-go/pkg/axdr/decoder.go:173.68,175.3 1 0
github.com/gvtret/spodes-go/pkg/axdr/decoder.go:176.2,176.17 1 2
github.com/gvtret/spodes-go/pkg/axdr/decoder.go:181.63,183.68 2 2
github.com/gvtret/spodes-go/pkg/axdr/decoder.go:183.68,185.3 1 0
github.com/gvtret/spodes-go/pkg/axdr/decoder.go:186.2,186.17 1 2
github.com/gvtret/spodes-go/pkg/axdr/decoder.go:191.63,193.68 2 2
github.com/gvtret/spodes-go/pkg/axdr/decoder.go:193.68,195.3 1 0
github.com/gvtret/spodes-go/pkg/axdr/decoder.go:196.2,196.17 1 2
github.com/gvtret/spodes-go/pkg/axdr/decoder.go:202.67,204.16 2 2
github.com/gvtret/spodes-go/pkg/axdr/decoder.go:204.16,206.3 1 0
github.com/gvtret/spodes-go/pkg/axdr/decoder.go:207.2,207.17 1 2
github.com/gvtret/spodes-go/pkg/axdr/decoder.go:207.17,209.3 1 1
github.com/gvtret/spodes-go/pkg/axdr/decoder.go:210.2,211.45 2 1
github.com/gvtret/spodes-go/pkg/axdr/decoder.go:211.45,213.3 1 0
github.com/gvtret/spodes-go/pkg/axdr/decoder.go:214.2,214.18 1 1
github.com/gvtret/spodes-go/pkg/axdr/decoder.go:220.69,222.16 2 4
github.com/gvtret/spodes-go/pkg/axdr/decoder.go:222.16,224.3 1 0
github.com/gvtret/spodes-go/pkg/axdr/decoder.go:225.2,225.17 1 4
github.com/gvtret/spodes-go/pkg/axdr/decoder.go:225.17,227.3 1 1
github.com/gvtret/spodes-go/pkg/axdr/decoder.go:228.2,229.45 2 3
github.com/gvtret/spodes-go/pkg/axdr/decoder.go:229.45,231.3 1 0
github.com/gvtret/spodes-go/pkg/axdr/decoder.go:232.2,232.26 1 3
github.com/gvtret/spodes-go/pkg/axdr/decoder.go:239.65,241.16 2 2
github.com/gvtret/spodes-go/pkg/axdr/decoder.go:241.16,243.3 1 0
github.com/gvtret/spodes-go/pkg/axdr/decoder.go:244.2,246.45 3 2
github.com/gvtret/spodes-go/pkg/axdr/decoder.go:246.45,248.3 1 0
github.com/gvtret/spodes-go/pkg/axdr/decoder.go:249.2,253.38 2 2
github.com/gvtret/spodes-go/pkg/axdr/decoder.go:253.38,255.3 1 0
github.com/gvtret/spodes-go/pkg/axdr/decoder.go:256.2,256.16 1 2
github.com/gvtret/spodes-go/pkg/axdr/decoder.go:263.59,265.16 2 2
github.com/gvtret/spodes-go/pkg/axdr/decoder.go:265.16,267.3 1 0
github.com/gvtret/spodes-go/pkg/axdr/decoder.go:268.2,270.45 3 2
github.com/gvtret/spodes-go/pkg/axdr/decoder.go:270.45,272.3 1 0
github.com/gvtret/spodes-go/pkg/axdr/decoder.go:274.2,275.35 2 2
github.com/gvtret/spodes-go/pkg/axdr/decoder.go:275.35,277.15 2 7
github.com/gvtret/spodes-go/pkg/axdr/decoder.go:277.15,279.4 1 4
github.com/gvtret/spodes-go/pkg/axdr/decoder.go:279.9,281.4 1 3
github.com/gvtret/spodes-go/pkg/axdr/decoder.go:283.2,284.39 2 2
github.com/gvtret/spodes-go/pkg/axdr/decoder.go:284.39,286.3 1 0
github.com/gvtret/spodes-go/pkg/axdr/decoder.go:287.2,287.17 1 2
github.com/gvtret/spodes-go/pkg/axdr/decoder.go:293.60,295.45 2 5
github.com/gvtret/spodes-go/pkg/axdr/decoder.go:295.45,297.3 1 0
github.com/gvtret/spodes-go/pkg/axdr/decoder.go:298.2,304.37 2 5
github.com/gvtret/spodes-go/pkg/axdr/decoder.go:304.37,306.3 1 0
github.com/gvtret/spodes-go/pkg/axdr/decoder.go:307.2,307.15 1 5
github.com/gvtret/spodes-go/pkg/axdr/decoder.go:313.60,315.45 2 2
github.com/gvtret/spodes-go/pkg/axdr/decoder.go:315.45,317.3 1 0
github.com/gvtret/spodes-go/pkg/axdr/decoder.go:318.2,324.37 2 2
github.com/gvtret/spodes-go/pkg/axdr/decoder.go:324.37,326.3 1 0
github.com/gvtret/spodes-go/pkg/axdr/decoder.go:327.2,327.15 1 2
github.com/gvtret/spodes-go/pkg/axdr/decoder.go:334.64,336.45 2 3
github.com/gvtret/spodes-go/pkg/axdr/decoder.go:336.45,338.3 1 0
github.com/gvtret/spodes-go/pkg/axdr/decoder.go:339.2,355.38 2 3
github.com/gvtret/spodes-go/pkg/axdr/decoder.go:355.38,357.3 1 0
github.com/gvtret/spodes-go/pkg/axdr/decoder.go:358.2,358.16 1 3
github.com/gvtret/spodes-go/pkg/axdr/decoder.go:364.61,366.16 2 3
github.com/gvtret/spodes-go/pkg/axdr/decoder.go:366.16,368.3 1 0
github.com/gvtret/spodes-go/pkg/axdr/decoder.go:369.2,371.24 2 3
github.com/gvtret/spodes-go/pkg/axdr/decoder.go:371.24,373.17 2 8
github.com/gvtret/spodes-go/pkg/axdr/decoder.go:373.17,375.4 1 0
github.com/gvtret/spodes-go/pkg/axdr/decoder.go:376.3,376.18 1 8
github.com/gvtret/spodes-go/pkg/axdr/decoder.go:378.2,378.20 1 3
github.com/gvtret/spodes-go/pkg/axdr/decoder.go:384.65,386.16 2 2
github.com/gvtret/spodes-go/pkg/axdr/decoder.go:386.16,388.3 1 0
github.com/gvtret/spodes-go/pkg/axdr/decoder.go:389.2,391.24 2 2
github.com/gvtret/spodes-go/pkg/axdr/decoder.go:391.24,393.17 2 5
github.com/gvtret/spodes-go/pkg/axdr/decoder.go:393.17,395.4 1 0
github.com/gvtret/spodes-go/pkg/axdr/decoder.go:396.3,396.18 1 5
github.com/gvtret/spodes-go/pkg/axdr/decoder.go:398.2,398.20 1 2
github.com/gvtret/spodes-go/pkg/axdr/encoder.go:13.44,15.45 2 56
github.com/gvtret/spodes-go/pkg/axdr/encoder.go:15.45,17.3 1 8
github.com/gvtret/spodes-go/pkg/axdr/encoder.go:18.2,18.25 1 48
github.com/gvtret/spodes-go/pkg/axdr/encoder.go:29.13,31.71 1 1
github.com/gvtret/spodes-go/pkg/axdr/encoder.go:31.71,32.71 1 2
github.com/gvtret/spodes-go/pkg/axdr/encoder.go:32.71,32.110 1 2
github.com/gvtret/spodes-go/pkg/axdr/encoder.go:34.73,35.76 1 13
github.com/gvtret/spodes-go/pkg/axdr/encoder.go:35.76,35.109 1 13
github.com/gvtret/spodes-go/pkg/axdr/encoder.go:37.74,38.73 1 2
github.com/gvtret/spodes-go/pkg/axdr/encoder.go:38.73,38.127 1 2
github.com/gvtret/spodes-go/pkg/axdr/encoder.go:40.74,41.77 1 2
github.com/gvtret/spodes-go/pkg/axdr/encoder.go:41.77,41.105 1 2
github.com/gvtret/spodes-go/pkg/axdr/encoder.go:43.75,44.81 1 2
github.com/gvtret/spodes-go/pkg/axdr/encoder.go:44.81,44.136 1 2
github.com/gvtret/spodes-go/pkg/axdr/encoder.go:46.74,47.79 1 2
github.com/gvtret/spodes-go/pkg/axdr/encoder.go:47.79,47.133 1 2
github.com/gvtret/spodes-go/pkg/axdr/encoder.go:49.75,50.87 1 2
github.com/gvtret/spodes-go/pkg/axdr/encoder.go:50.87,50.142 1 2
github.com/gvtret/spodes-go/pkg/axdr/encoder.go:52.74,53.70 1 2
github.com/gvtret/spodes-go/pkg/axdr/encoder.go:53.70,53.124 1 2
github.com/gvtret/spodes-go/pkg/axdr/encoder.go:55.75,56.71 1 2
github.com/gvtret/spodes-go/pkg/axdr/encoder.go:56.71,56.126 1 2
github.com/gvtret/spodes-go/pkg/axdr/encoder.go:58.76,59.71 1 2
github.com/gvtret/spodes-go/pkg/axdr/encoder.go:59.71,59.127 1 2
github.com/gvtret/spodes-go/pkg/axdr/encoder.go:61.76,62.71 1 2
github.com/gvtret/spodes-go/pkg/axdr/encoder.go:62.71,62.127 1 2
github.com/gvtret/spodes-go/pkg/axdr/encoder.go:64.68,66.4 1 5
github.com/gvtret/spodes-go/pkg/axdr/encoder.go:67.74,69.4 1 3
github.com/gvtret/spodes-go/pkg/axdr/encoder.go:70.72,72.4 1 5
github.com/gvtret/spodes-go/pkg/axdr/encoder.go:73.72,75.4 1 3
github.com/gvtret/spodes-go/pkg/axdr/encoder.go:76.76,78.4 1 4
github.com/gvtret/spodes-go/pkg/axdr/encoder.go:79.77,81.4 1 3
github.com/gvtret/spodes-go/pkg/axdr/encoder.go:82.71,84.4 1 3
github.com/gvtret/spodes-go/pkg/axdr/encoder.go:85.80,87.4 1 2
github.com/gvtret/spodes-go/pkg/axdr/encoder.go:88.73,90.4 1 3
github.com/gvtret/spodes-go/pkg/axdr/encoder.go:91.77,93.4 1 2
github.com/gvtret/spodes-go/pkg/axdr/encoder.go:100.58,101.14 1 69
github.com/gvtret/spodes-go/pkg/axdr/encoder.go:101.14,105.3 2 1
github.com/gvtret/spodes-go/pkg/axdr/encoder.go:108.2,108.59 1 68
github.com/gvtret/spodes-go/pkg/axdr/encoder.go:108.59,110.3 1 66
github.com/gvtret/spodes-go/pkg/axdr/encoder.go:113.2,114.19 2 2
github.com/gvtret/spodes-go/pkg/axdr/encoder.go:115.21,116.47 1 1
github.com/gvtret/spodes-go/pkg/axdr/encoder.go:116.47,118.4 1 1
github.com/gvtret/spodes-go/pkg/axdr/encoder.go:119.3,119.36 1 0
github.com/gvtret/spodes-go/pkg/axdr/encoder.go:120.21,121.30 1 0
github.com/gvtret/spodes-go/pkg/axdr/encoder.go:122.22,123.34 1 0
github.com/gvtret/spodes-go/pkg/axdr/encoder.go:124.10,125.63 1 1
github.com/gvtret/spodes-go/pkg/axdr/encoder.go:132.91,137.2 3 33
github.com/gvtret/spodes-go/pkg/axdr/encoder.go:140.30,141.7 1 2
github.com/gvtret/spodes-go/pkg/axdr/encoder.go:141.7,143.3 1 1
github.com/gvtret/spodes-go/pkg/axdr/encoder.go:144.2,144.10 1 1
github.com/gvtret/spodes-go/pkg/axdr/encoder.go:150.70,152.21 2 5
github.com/gvtret/spodes-go/pkg/axdr/encoder.go:152.21,154.3 1 1
github.com/gvtret/spodes-go/pkg/axdr/encoder.go:156.2,159.12 4 4
github.com/gvtret/spodes-go/pkg/axdr/encoder.go:165.66,167.21 2 3
github.com/gvtret/spodes-go/pkg/axdr/encoder.go:167.21,169.3 1 1
github.com/gvtret/spodes-go/pkg/axdr/encoder.go:171.2,174.12 4 2
github.com/gvtret/spodes-go/pkg/axdr/encoder.go:181.61,182.38 1 3
github.com/gvtret/spodes-go/pkg/axdr/encoder.go:182.38,184.3 1 1
github.com/gvtret/spodes-go/pkg/axdr/encoder.go:186.2,190.12 4 2
github.com/gvtret/spodes-go/pkg/axdr/encoder.go:197.50,198.39 1 3
github.com/gvtret/spodes-go/pkg/axdr/encoder.go:198.39,200.3 1 1
github.com/gvtret/spodes-go/pkg/axdr/encoder.go:202.2,206.33 4 2
github.com/gvtret/spodes-go/pkg/axdr/encoder.go:206.33,209.19 3 4
github.com/gvtret/spodes-go/pkg/axdr/encoder.go:209.19,211.4 1 3
github.com/gvtret/spodes-go/pkg/axdr/encoder.go:212.3,212.19 1 4
github.com/gvtret/spodes-go/pkg/axdr/encoder.go:214.2,214.12 1 2
github.com/gvtret/spodes-go/pkg/axdr/encoder.go:220.50,221.37 1 5
github.com/gvtret/spodes-go/pkg/axdr/encoder.go:221.37,223.3 1 0
github.com/gvtret/spodes-go/pkg/axdr/encoder.go:225.2,231.12 4 5
github.com/gvtret/spodes-go/pkg/axdr/encoder.go:237.50,238.37 1 3
github.com/gvtret/spodes-go/pkg/axdr/encoder.go:238.37,240.3 1 1
github.com/gvtret/spodes-go/pkg/axdr/encoder.go:242.2,247.12 4 2
github.com/gvtret/spodes-go/pkg/axdr/encoder.go:253.59,254.38 1 4
github.com/gvtret/spodes-go/pkg/axdr/encoder.go:254.38,256.3 1 1
github.com/gvtret/spodes-go/pkg/axdr/encoder.go:258.2,267.12 4 3
github.com/gvtret/spodes-go/pkg/axdr/encoder.go:273.60,278.18 3 4
github.com/gvtret/spodes-go/pkg/axdr/encoder.go:278.18,280.3 1 1
github.com/gvtret/spodes-go/pkg/axdr/encoder.go:281.2,284.30 2 3
github.com/gvtret/spodes-go/pkg/axdr/encoder.go:284.30,286.60 2 8
github.com/gvtret/spodes-go/pkg/axdr/encoder.go:286.60,288.4 1 0
github.com/gvtret/spodes-go/pkg/axdr/encoder.go:290.2,290.12 1 3
github.com/gvtret/spodes-go/pkg/axdr/encoder.go:296.64,300.18 3 2
github.com/gvtret/spodes-go/pkg/axdr/encoder.go:300.18,302.3 1 0
github.com/gvtret/spodes-go/pkg/axdr/encoder.go:303.2,305.30 2 2
github.com/gvtret/spodes-go/pkg/axdr/encoder.go:305.30,307.61 2 5
github.com/gvtret/spodes-go/pkg/axdr/encoder.go:307.61,309.4 1 0
github.com/gvtret/spodes-go/pkg/axdr/encoder.go:311.2,311.12 1 2
github.com/gvtret/spodes-go/pkg/axdr/types.go:71.32,72.41 1 17
github.com/gvtret/spodes-go/pkg/axdr/types.go:72.41,74.3 1 0
github.com/gvtret/spodes-go/pkg/axdr/types.go:75.2,75.75 1 17
github.com/gvtret/spodes-go/pkg/axdr/types.go:75.75,77.3 1 0
github.com/gvtret/spodes-go/pkg/axdr/types.go:78.2,78.67 1 17
github.com/gvtret/spodes-go/pkg/axdr/types.go:78.67,80.3 1 0
github.com/gvtret/spodes-go/pkg/axdr/types.go:81.2,81.44 1 17
github.com/gvtret/spodes-go/pkg/axdr/types.go:81.44,83.3 1 0
github.com/gvtret/spodes-go/pkg/axdr/types.go:84.2,84.12 1 17
github.com/gvtret/spodes-go/pkg/axdr/types.go:98.32,99.35 1 12
github.com/gvtret/spodes-go/pkg/axdr/types.go:99.35,101.3 1 1
github.com/gvtret/spodes-go/pkg/axdr/types.go:102.2,102.39 1 11
github.com/gvtret/spodes-go/pkg/axdr/types.go:102.39,104.3 1 0
github.com/gvtret/spodes-go/pkg/axdr/types.go:105.2,105.39 1 11
github.com/gvtret/spodes-go/pkg/axdr/types.go:105.39,107.3 1 0
github.com/gvtret/spodes-go/pkg/axdr/types.go:108.2,108.47 1 11
github.com/gvtret/spodes-go/pkg/axdr/types.go:108.47,110.3 1 0
github.com/gvtret/spodes-go/pkg/axdr/types.go:111.2,111.12 1 11
github.com/gvtret/spodes-go/pkg/axdr/types.go:125.37,126.43 1 7
github.com/gvtret/spodes-go/pkg/axdr/types.go:126.43,128.3 1 0
github.com/gvtret/spodes-go/pkg/axdr/types.go:129.2,129.43 1 7
github.com/gvtret/spodes-go/pkg/axdr/types.go:129.43,131.3 1 0
github.com/gvtret/spodes-go/pkg/axdr/types.go:132.2,132.75 1 7
github.com/gvtret/spodes-go/pkg/axdr/types.go:132.75,134.3 1 1
github.com/gvtret/spodes-go/pkg/axdr/types.go:135.2,135.12 1 6
github.com/gvtret/spodes-go/pkg/axdr/types.go:140.49,142.19 2 2
github.com/gvtret/spodes-go/pkg/axdr/types.go:142.19,144.3 1 0
github.com/gvtret/spodes-go/pkg/axdr/types.go:145.2,146.29 2 2
github.com/gvtret/spodes-go/pkg/axdr/types.go:146.29,148.3 1 0
github.com/gvtret/spodes-go/pkg/axdr/types.go:149.2,150.25 2 2
github.com/gvtret/spodes-go/pkg/axdr/types.go:150.25,152.3 1 0
github.com/gvtret/spodes-go/pkg/axdr/types.go:153.2,154.20 2 2
github.com/gvtret/spodes-go/pkg/axdr/types.go:154.20,156.3 1 0
github.com/gvtret/spodes-go/pkg/axdr/types.go:157.2,158.15 2 2
github.com/gvtret/spodes-go/pkg/axdr/types.go:158.15,160.3 1 0
github.com/gvtret/spodes-go/pkg/axdr/types.go:161.2,162.17 2 2
github.com/gvtret/spodes-go/pkg/axdr/types.go:162.17,164.3 1 0
github.com/gvtret/spodes-go/pkg/axdr/types.go:165.2,166.17 2 2
github.com/gvtret/spodes-go/pkg/axdr/types.go:166.17,168.3 1 0
github.com/gvtret/spodes-go/pkg/axdr/types.go:169.2,170.21 2 2
github.com/gvtret/spodes-go/pkg/axdr/types.go:170.21,172.3 1 0
github.com/gvtret/spodes-go/pkg/axdr/types.go:173.2,175.11 3 2
github.com/gvtret/spodes-go/pkg/axdr/types.go:175.11,177.3 1 1
github.com/gvtret/spodes-go/pkg/axdr/types.go:178.2,178.41 1 2
github.com/gvtret/spodes-go/pkg/axdr/types.go:178.41,180.3 1 0
github.com/gvtret/spodes-go/pkg/axdr/types.go:181.2,182.11 2 2
github.com/gvtret/spodes-go/pkg/axdr/types.go:182.11,184.3 1 1
github.com/gvtret/spodes-go/pkg/axdr/types.go:185.2,200.3 1 2
github.com/gvtret/spodes-go/pkg/axdr/types.go:205.48,207.20 2 2
github.com/gvtret/spodes-go/pkg/axdr/types.go:207.20,209.3 1 0
github.com/gvtret/spodes-go/pkg/axdr/types.go:210.2,211.53 2 2
github.com/gvtret/spodes-go/pkg/axdr/types.go:211.53,213.3 1 0
github.com/gvtret/spodes-go/pkg/axdr/types.go:214.2,215.47 2 2
github.com/gvtret/spodes-go/pkg/axdr/types.go:215.47,217.3 1 0
github.com/gvtret/spodes-go/pkg/axdr/types.go:218.2,219.18 2 2
github.com/gvtret/spodes-go/pkg/axdr/types.go:219.18,221.3 1 0
github.com/gvtret/spodes-go/pkg/axdr/types.go:222.2,223.20 2 2
github.com/gvtret/spodes-go/pkg/axdr/types.go:223.20,225.3 1 0
github.com/gvtret/spodes-go/pkg/axdr/types.go:226.2,227.20 2 2
github.com/gvtret/spodes-go/pkg/axdr/types.go:227.20,229.3 1 0
github.com/gvtret/spodes-go/pkg/axdr/types.go:230.2,231.24 2 2
github.com/gvtret/spodes-go/pkg/axdr/types.go:231.24,233.3 1 0
github.com/gvtret/spodes-go/pkg/axdr/types.go:234.2,235.28 2 2
github.com/gvtret/spodes-go/pkg/axdr/types.go:235.28,237.31 2 2
github.com/gvtret/spodes-go/pkg/axdr/types.go:237.31,239.4 1 1
github.com/gvtret/spodes-go/pkg/axdr/types.go:242.2,245.93 3 2
github.com/gvtret/spodes-go/pkg/axdr/types.go:245.93,247.3 1 0
github.com/gvtret/spodes-go/pkg/axdr/types.go:248.2,248.15 1 2
github.com/gvtret/spodes-go/pkg/axdr/types.go:256.36,261.2 1 2
github.com/gvtret/spodes-go/pkg/axdr/types.go:273.38,275.40 2 5
github.com/gvtret/spodes-go/pkg/axdr/types.go:275.40,277.3 1 1
github.com/gvtret/spodes-go/pkg/axdr/types.go:278.2,278.12 1 4
github.com/gvtret/spodes-go/pkg/axdr/types.go:289.33,290.27 1 5
github.com/gvtret/spodes-go/pkg/axdr/types.go:290.27,292.3 1 0
github.com/gvtret/spodes-go/pkg/axdr/types.go:293.2,293.35 1 5
github.com/gvtret/spodes-go/pkg/axdr/types.go:293.35,294.16 1 16
github.com/gvtret/spodes-go/pkg/axdr/types.go:294.16,296.4 1 1
github.com/gvtret/spodes-go/pkg/axdr/types.go:298.2,298.12 1 4
github.com/gvtret/spodes-go/pkg/hdlc/connection.go:19.30,26.2 1 10
github.com/gvtret/spodes-go/pkg/hdlc/connection.go:34.36,36.2 1 0
github.com/gvtret/spodes-go/pkg/hdlc/connection.go:85.55,90.2 4 9
github.com/gvtret/spodes-go/pkg/hdlc/connection.go:94.56,95.19 1 10
github.com/gvtret/spodes-go/pkg/hdlc/connection.go:95.19,97.3 1 8
github.com/gvtret/spodes-go/pkg/hdlc/connection.go:98.2,111.3 1 10
github.com/gvtret/spodes-go/pkg/hdlc/connection.go:115.52,119.34 3 1
github.com/gvtret/spodes-go/pkg/hdlc/connection.go:119.34,121.3 1 0
github.com/gvtret/spodes-go/pkg/hdlc/connection.go:122.2,122.26 1 1
github.com/gvtret/spodes-go/pkg/hdlc/connection.go:122.26,124.3 1 0
github.com/gvtret/spodes-go/pkg/hdlc/connection.go:125.2,125.25 1 1
github.com/gvtret/spodes-go/pkg/hdlc/connection.go:125.25,127.3 1 0
github.com/gvtret/spodes-go/pkg/hdlc/connection.go:129.2,131.111 3 1
github.com/gvtret/spodes-go/pkg/hdlc/connection.go:135.72,141.17 4 10
github.com/gvtret/spodes-go/pkg/hdlc/connection.go:142.25,143.34 1 1
github.com/gvtret/spodes-go/pkg/hdlc/connection.go:143.34,147.4 3 1
github.com/gvtret/spodes-go/pkg/hdlc/connection.go:148.23,149.32 1 1
github.com/gvtret/spodes-go/pkg/hdlc/connection.go:149.32,152.4 2 1
github.com/gvtret/spodes-go/pkg/hdlc/connection.go:153.3,153.27 1 0
github.com/gvtret/spodes-go/pkg/hdlc/connection.go:154.22,155.32 1 8
github.com/gvtret/spodes-go/pkg/hdlc/connection.go:155.32,158.4 2 1
github.com/gvtret/spodes-go/pkg/hdlc/connection.go:159.3,159.39 1 7
github.com/gvtret/spodes-go/pkg/hdlc/connection.go:162.2,162.29 1 0
github.com/gvtret/spodes-go/pkg/hdlc/connection.go:166.81,167.20 1 8
github.com/gvtret/spodes-go/pkg/hdlc/connection.go:168.18,169.28 1 5
github.com/gvtret/spodes-go/pkg/hdlc/connection.go:169.28,172.4 2 1
github.com/gvtret/spodes-go/pkg/hdlc/connection.go:174.3,176.23 2 4
github.com/gvtret/spodes-go/pkg/hdlc/connection.go:176.23,177.32 1 1
github.com/gvtret/spodes-go/pkg/hdlc/connection.go:177.32,179.5 1 1
github.com/gvtret/spodes-go/pkg/hdlc/connection.go:180.4,180.37 1 1
github.com/gvtret/spodes-go/pkg/hdlc/connection.go:183.3,185.102 3 4
github.com/gvtret/spodes-go/pkg/hdlc/connection.go:186.18,187.34 1 1
github.com/gvtret/spodes-go/pkg/hdlc/connection.go:187.34,191.4 3 1
github.com/gvtret/spodes-go/pkg/hdlc/connection.go:192.18,196.60 3 1
github.com/gvtret/spodes-go/pkg/hdlc/connection.go:196.60,197.37 1 0
github.com/gvtret/spodes-go/pkg/hdlc/connection.go:197.37,198.10 1 0
github.com/gvtret/spodes-go/pkg/hdlc/connection.go:200.4,200.27 1 0
github.com/gvtret/spodes-go/pkg/hdlc/connection.go:203.3,203.31 1 1
github.com/gvtret/spodes-go/pkg/hdlc/connection.go:204.17,205.32 1 0
github.com/gvtret/spodes-go/pkg/hdlc/connection.go:206.18,207.33 1 1
github.com/gvtret/spodes-go/pkg/hdlc/connection.go:208.18,208.18 0 0
github.com/gvtret/spodes-go/pkg/hdlc/connection.go:211.18,214.31 2 0
github.com/gvtret/spodes-go/pkg/hdlc/connection.go:215.10,219.112 3 1
github.com/gvtret/spodes-go/pkg/hdlc/connection.go:221.2,221.17 1 1
github.com/gvtret/spodes-go/pkg/hdlc/connection.go:225.66,229.31 3 7
github.com/gvtret/spodes-go/pkg/hdlc/connection.go:229.31,231.3 1 0
github.com/gvtret/spodes-go/pkg/hdlc/connection.go:233.2,233.57 1 7
github.com/gvtret/spodes-go/pkg/hdlc/connection.go:233.57,235.3 1 1
github.com/gvtret/spodes-go/pkg/hdlc/connection.go:237.2,237.28 1 6
github.com/gvtret/spodes-go/pkg/hdlc/connection.go:237.28,239.3 1 1
github.com/gvtret/spodes-go/pkg/hdlc/connection.go:241.2,245.29 4 5
github.com/gvtret/spodes-go/pkg/hdlc/connection.go:245.29,247.33 2 8
github.com/gvtret/spodes-go/pkg/hdlc/connection.go:247.33,249.4 1 3
github.com/gvtret/spodes-go/pkg/hdlc/connection.go:250.3,266.20 6 8
github.com/gvtret/spodes-go/pkg/hdlc/connection.go:266.20,268.4 1 5
github.com/gvtret/spodes-go/pkg/hdlc/connection.go:270.3,271.17 2 8
github.com/gvtret/spodes-go/pkg/hdlc/connection.go:271.17,273.4 1 0
github.com/gvtret/spodes-go/pkg/hdlc/connection.go:274.3,277.34 3 8
github.com/gvtret/spodes-go/pkg/hdlc/connection.go:280.2,280.20 1 5
github.com/gvtret/spodes-go/pkg/hdlc/connection.go:284.55,288.31 3 1
github.com/gvtret/spodes-go/pkg/hdlc/connection.go:288.31,290.3 1 0
github.com/gvtret/spodes-go/pkg/hdlc/connection.go:291.2,291.26 1 1
github.com/gvtret/spodes-go/pkg/hdlc/connection.go:291.26,293.3 1 0
github.com/gvtret/spodes-go/pkg/hdlc/connection.go:294.2,294.25 1 1
github.com/gvtret/spodes-go/pkg/hdlc/connection.go:294.25,296.3 1 0
github.com/gvtret/spodes-go/pkg/hdlc/connection.go:298.2,299.111 2 1
github.com/gvtret/spodes-go/pkg/hdlc/connection.go:303.64,307.83 3 0
github.com/gvtret/spodes-go/pkg/hdlc/connection.go:307.83,310.3 2 0
github.com/gvtret/spodes-go/pkg/hdlc/connection.go:312.2,315.6 3 0
github.com/gvtret/spodes-go/pkg/hdlc/connection.go:315.6,317.27 2 0
github.com/gvtret/spodes-go/pkg/hdlc/connection.go:317.27,318.43 1 0
github.com/gvtret/spodes-go/pkg/hdlc/connection.go:318.43,320.5 1 0
github.com/gvtret/spodes-go/pkg/hdlc/connection.go:321.4,321.9 1 0
github.com/gvtret/spodes-go/pkg/hdlc/connection.go:324.3,324.25 1 0
github.com/gvtret/spodes-go/pkg/hdlc/connection.go:324.25,326.4 1 0
github.com/gvtret/spodes-go/pkg/hdlc/connection.go:328.3,329.19 2 0
github.com/gvtret/spodes-go/pkg/hdlc/connection.go:329.19,330.9 1 0
github.com/gvtret/spodes-go/pkg/hdlc/connection.go:333.3,334.30 2 0
github.com/gvtret/spodes-go/pkg/hdlc/connection.go:334.30,336.12 2 0
github.com/gvtret/spodes-go/pkg/hdlc/connection.go:338.3,341.32 3 0
github.com/gvtret/spodes-go/pkg/hdlc/connection.go:341.32,342.9 1 0
github.com/gvtret/spodes-go/pkg/hdlc/connection.go:345.3,346.46 2 0
github.com/gvtret/spodes-go/pkg/hdlc/connection.go:346.46,348.12 2 0
github.com/gvtret/spodes-go/pkg/hdlc/connection.go:351.3,353.17 3 0
github.com/gvtret/spodes-go/pkg/hdlc/connection.go:353.17,355.37 2 0
github.com/gvtret/spodes-go/pkg/hdlc/connection.go:355.37,357.5 1 0
github.com/gvtret/spodes-go/pkg/hdlc/connection.go:360.3,360.36 1 0
github.com/gvtret/spodes-go/pkg/hdlc/connection.go:363.2,363.23 1 0
github.com/gvtret/spodes-go/pkg/hdlc/connection.go:367.49,368.9 1 0
github.com/gvtret/spodes-go/pkg/hdlc/connection.go:369.34,370.18 1 0
github.com/gvtret/spodes-go/pkg/hdlc/connection.go:371.41,372.50 1 0
github.com/gvtret/spodes-go/pkg/hdlc/connection.go:377.45,381.2 3 2
github.com/gvtret/spodes-go/pkg/hdlc/connection.go:384.49,388.2 3 0
github.com/gvtret/spodes-go/pkg/hdlc/frame.go:61.41,64.25 3 64
github.com/gvtret/spodes-go/pkg/hdlc/frame.go:64.25,66.26 2 602
github.com/gvtret/spodes-go/pkg/hdlc/frame.go:66.26,67.23 1 4816
github.com/gvtret/spodes-go/pkg/hdlc/frame.go:67.23,69.5 1 2413
github.com/gvtret/spodes-go/pkg/hdlc/frame.go:69.10,71.5 1 2403
github.com/gvtret/spodes-go/pkg/hdlc/frame.go:74.2,74.13 1 64
github.com/gvtret/spodes-go/pkg/hdlc/frame.go:78.92,79.36 1 26
github.com/gvtret/spodes-go/pkg/hdlc/frame.go:79.36,81.3 1 3
github.com/gvtret/spodes-go/pkg/hdlc/frame.go:83.2,84.22 2 26
github.com/gvtret/spodes-go/pkg/hdlc/frame.go:84.22,86.3 1 0
github.com/gvtret/spodes-go/pkg/hdlc/frame.go:87.2,88.22 2 26
github.com/gvtret/spodes-go/pkg/hdlc/frame.go:88.22,90.3 1 0
github.com/gvtret/spodes-go/pkg/hdlc/frame.go:91.2,92.31 2 26
github.com/gvtret/spodes-go/pkg/hdlc/frame.go:92.31,94.3 1 0
github.com/gvtret/spodes-go/pkg/hdlc/frame.go:94.8,94.38 1 26
github.com/gvtret/spodes-go/pkg/hdlc/frame.go:94.38,96.3 1 0
github.com/gvtret/spodes-go/pkg/hdlc/frame.go:100.2,101.13 2 26
github.com/gvtret/spodes-go/pkg/hdlc/frame.go:101.13,103.3 1 11
github.com/gvtret/spodes-go/pkg/hdlc/frame.go:104.2,104.26 1 26
github.com/gvtret/spodes-go/pkg/hdlc/frame.go:104.26,106.3 1 0
github.com/gvtret/spodes-go/pkg/hdlc/frame.go:109.2,115.13 5 26
github.com/gvtret/spodes-go/pkg/hdlc/frame.go:115.13,125.3 7 11
github.com/gvtret/spodes-go/pkg/hdlc/frame.go:128.2,142.32 11 26
github.com/gvtret/spodes-go/pkg/hdlc/frame.go:146.56,147.24 1 19
github.com/gvtret/spodes-go/pkg/hdlc/frame.go:147.24,149.3 1 0
github.com/gvtret/spodes-go/pkg/hdlc/frame.go:151.2,155.34 4 19
github.com/gvtret/spodes-go/pkg/hdlc/frame.go:155.34,157.3 1 0
github.com/gvtret/spodes-go/pkg/hdlc/frame.go:159.2,160.29 2 19
github.com/gvtret/spodes-go/pkg/hdlc/frame.go:160.29,162.3 1 0
github.com/gvtret/spodes-go/pkg/hdlc/frame.go:163.2,166.30 2 19
github.com/gvtret/spodes-go/pkg/hdlc/frame.go:166.30,168.3 1 0
github.com/gvtret/spodes-go/pkg/hdlc/frame.go:170.2,171.16 2 19
github.com/gvtret/spodes-go/pkg/hdlc/frame.go:171.16,173.3 1 0
github.com/gvtret/spodes-go/pkg/hdlc/frame.go:175.2,175.38 1 19
github.com/gvtret/spodes-go/pkg/hdlc/frame.go:179.65,184.16 4 19
github.com/gvtret/spodes-go/pkg/hdlc/frame.go:184.16,186.3 1 0
github.com/gvtret/spodes-go/pkg/hdlc/frame.go:188.2,189.30 2 19
github.com/gvtret/spodes-go/pkg/hdlc/frame.go:189.30,191.3 1 0
github.com/gvtret/spodes-go/pkg/hdlc/frame.go:192.2,193.16 2 19
github.com/gvtret/spodes-go/pkg/hdlc/frame.go:193.16,195.3 1 0
github.com/gvtret/spodes-go/pkg/hdlc/frame.go:197.2,198.35 2 19
github.com/gvtret/spodes-go/pkg/hdlc/frame.go:198.35,200.3 1 0
github.com/gvtret/spodes-go/pkg/hdlc/frame.go:202.2,207.8 1 19
github.com/gvtret/spodes-go/pkg/hdlc/frame.go:211.74,216.13 4 19
github.com/gvtret/spodes-go/pkg/hdlc/frame.go:216.13,218.33 2 8
github.com/gvtret/spodes-go/pkg/hdlc/frame.go:218.33,220.4 1 0
github.com/gvtret/spodes-go/pkg/hdlc/frame.go:221.3,225.44 3 8
github.com/gvtret/spodes-go/pkg/hdlc/frame.go:225.44,227.4 1 0
github.com/gvtret/spodes-go/pkg/hdlc/frame.go:229.3,229.40 1 8
github.com/gvtret/spodes-go/pkg/hdlc/frame.go:230.8,231.38 1 11
github.com/gvtret/spodes-go/pkg/hdlc/frame.go:231.38,233.4 1 0
github.com/gvtret/spodes-go/pkg/hdlc/frame.go:236.2,236.25 1 19
github.com/gvtret/spodes-go/pkg/hdlc/frame.go:236.25,242.3 5 6
github.com/gvtret/spodes-go/pkg/hdlc/frame.go:242.8,242.35 1 13
github.com/gvtret/spodes-go/pkg/hdlc/frame.go:242.35,246.3 3 4
github.com/gvtret/spodes-go/pkg/hdlc/frame.go:246.8,248.3 1 9
github.com/gvtret/spodes-go/pkg/hdlc/frame.go:250.2,250.15 1 19
github.com/gvtret/spodes-go/pkg/hdlc/frame.go:254.40,255.56 1 90
github.com/gvtret/spodes-go/pkg/hdlc/frame.go:255.56,257.3 1 0
github.com/gvtret/spodes-go/pkg/hdlc/frame.go:258.2,259.33 2 90
github.com/gvtret/spodes-go/pkg/hdlc/frame.go:259.33,261.3 1 90
github.com/gvtret/spodes-go/pkg/hdlc/frame.go:262.2,262.19 1 90
github.com/gvtret/spodes-go/pkg/hdlc/frame.go:262.19,264.3 1 90
github.com/gvtret/spodes-go/pkg/hdlc/frame.go:265.2,265.16 1 90
github.com/gvtret/spodes-go/pkg/hdlc/frame.go:269.47,271.33 2 38
github.com/gvtret/spodes-go/pkg/hdlc/frame.go:271.33,273.24 2 38
github.com/gvtret/spodes-go/pkg/hdlc/frame.go:273.24,275.49 2 38
github.com/gvtret/spodes-go/pkg/hdlc/frame.go:275.49,277.5 1 0
github.com/gvtret/spodes-go/pkg/hdlc/frame.go:278.4,279.32 2 38
github.com/gvtret/spodes-go/pkg/hdlc/frame.go:279.32,281.5 1 38
github.com/gvtret/spodes-go/pkg/hdlc/frame.go:282.4,282.26 1 38
github.com/gvtret/spodes-go/pkg/hdlc/frame.go:285.2,285.15 1 0
github.com/gvtret/spodes-go/pkg/hdlc/frame.go:289.40,290.23 1 45
github.com/gvtret/spodes-go/pkg/hdlc/frame.go:290.23,292.3 1 15
github.com/gvtret/spodes-go/pkg/hdlc/frame.go:292.8,292.33 1 30
github.com/gvtret/spodes-go/pkg/hdlc/frame.go:292.33,294.3 1 12
github.com/gvtret/spodes-go/pkg/hdlc/frame.go:294.8,295.18 1 18
github.com/gvtret/spodes-go/pkg/hdlc/frame.go:296.29,297.15 1 4
github.com/gvtret/spodes-go/pkg/hdlc/frame.go:298.11,299.16 1 14
github.com/gvtret/spodes-go/pkg/cosem/apdu.go:163.48,178.16 5 1
github.com/gvtret/spodes-go/pkg/cosem/apdu.go:178.16,180.3 1 0
github.com/gvtret/spodes-go/pkg/cosem/apdu.go:182.2,183.17 2 1
github.com/gvtret/spodes-go/pkg/cosem/apdu.go:187.48,188.19 1 1
github.com/gvtret/spodes-go/pkg/cosem/apdu.go:188.19,190.3 1 0
github.com/gvtret/spodes-go/pkg/cosem/apdu.go:192.2,192.42 1 1
github.com/gvtret/spodes-go/pkg/cosem/apdu.go:192.42,194.3 1 0
github.com/gvtret/spodes-go/pkg/cosem/apdu.go:196.2,197.16 2 1
github.com/gvtret/spodes-go/pkg/cosem/apdu.go:197.16,199.3 1 0
github.com/gvtret/spodes-go/pkg/cosem/apdu.go:200.2,201.9 2 1
github.com/gvtret/spodes-go/pkg/cosem/apdu.go:201.9,203.3 1 0
github.com/gvtret/spodes-go/pkg/cosem/apdu.go:205.2,205.29 1 1
github.com/gvtret/spodes-go/pkg/cosem/apdu.go:205.29,207.3 1 0
github.com/gvtret/spodes-go/pkg/cosem/apdu.go:209.2,210.9 2 1
github.com/gvtret/spodes-go/pkg/cosem/apdu.go:210.9,212.3 1 0
github.com/gvtret/spodes-go/pkg/cosem/apdu.go:213.2,216.9 3 1
github.com/gvtret/spodes-go/pkg/cosem/apdu.go:216.9,218.3 1 0
github.com/gvtret/spodes-go/pkg/cosem/apdu.go:220.2,221.9 2 1
github.com/gvtret/spodes-go/pkg/cosem/apdu.go:221.9,223.3 1 0
github.com/gvtret/spodes-go/pkg/cosem/apdu.go:225.2,225.30 1 1
github.com/gvtret/spodes-go/pkg/cosem/apdu.go:225.30,227.3 1 0
github.com/gvtret/spodes-go/pkg/cosem/apdu.go:229.2,230.9 2 1
github.com/gvtret/spodes-go/pkg/cosem/apdu.go:230.9,232.3 1 0
github.com/gvtret/spodes-go/pkg/cosem/apdu.go:234.2,235.9 2 1
github.com/gvtret/spodes-go/pkg/cosem/apdu.go:235.9,237.3 1 0
github.com/gvtret/spodes-go/pkg/cosem/apdu.go:238.2,238.26 1 1
github.com/gvtret/spodes-go/pkg/cosem/apdu.go:238.26,240.3 1 0
github.com/gvtret/spodes-go/pkg/cosem/apdu.go:242.2,243.9 2 1
github.com/gvtret/spodes-go/pkg/cosem/apdu.go:243.9,245.3 1 0
github.com/gvtret/spodes-go/pkg/cosem/apdu.go:247.2,253.12 6 1
github.com/gvtret/spodes-go/pkg/cosem/apdu.go:257.48,267.16 4 1
github.com/gvtret/spodes-go/pkg/cosem/apdu.go:267.16,269.3 1 0
github.com/gvtret/spodes-go/pkg/cosem/apdu.go:271.2,279.16 3 1
github.com/gvtret/spodes-go/pkg/cosem/apdu.go:279.16,281.3 1 0
github.com/gvtret/spodes-go/pkg/cosem/apdu.go:283.2,284.17 2 1
github.com/gvtret/spodes-go/pkg/cosem/apdu.go:288.48,289.19 1 1
github.com/gvtret/spodes-go/pkg/cosem/apdu.go:289.19,291.3 1 0
github.com/gvtret/spodes-go/pkg/cosem/apdu.go:293.2,293.42 1 1
github.com/gvtret/spodes-go/pkg/cosem/apdu.go:293.42,295.3 1 0
github.com/gvtret/spodes-go/pkg/cosem/apdu.go:297.2,298.16 2 1
github.com/gvtret/spodes-go/pkg/cosem/apdu.go:298.16,300.3 1 0
github.com/gvtret/spodes-go/pkg/cosem/apdu.go:301.2,302.9 2 1
github.com/gvtret/spodes-go/pkg/cosem/apdu.go:302.9,304.3 1 0
github.com/gvtret/spodes-go/pkg/cosem/apdu.go:306.2,306.29 1 1
github.com/gvtret/spodes-go/pkg/cosem/apdu.go:306.29,308.3 1 0
github.com/gvtret/spodes-go/pkg/cosem/apdu.go:310.2,311.9 2 1
github.com/gvtret/spodes-go/pkg/cosem/apdu.go:311.9,313.3 1 0
github.com/gvtret/spodes-go/pkg/cosem/apdu.go:314.2,317.9 3 1
github.com/gvtret/spodes-go/pkg/cosem/apdu.go:317.9,319.3 1 0
github.com/gvtret/spodes-go/pkg/cosem/apdu.go:321.2,322.9 2 1
github.com/gvtret/spodes-go/pkg/cosem/apdu.go:322.9,324.3 1 0
github.com/gvtret/spodes-go/pkg/cosem/apdu.go:326.2,326.30 1 1
github.com/gvtret/spodes-go/pkg/cosem/apdu.go:326.30,328.3 1 0
github.com/gvtret/spodes-go/pkg/cosem/apdu.go:330.2,331.9 2 1
github.com/gvtret/spodes-go/pkg/cosem/apdu.go:331.9,333.3 1 0
github.com/gvtret/spodes-go/pkg/cosem/apdu.go:335.2,336.9 2 1
github.com/gvtret/spodes-go/pkg/cosem/apdu.go:336.9,338.3 1 0
github.com/gvtret/spodes-go/pkg/cosem/apdu.go:339.2,339.26 1 1
github.com/gvtret/spodes-go/pkg/cosem/apdu.go:339.26,341.3 1 0
github.com/gvtret/spodes-go/pkg/cosem/apdu.go:343.2,344.9 2 1
github.com/gvtret/spodes-go/pkg/cosem/apdu.go:344.9,346.3 1 0
github.com/gvtret/spodes-go/pkg/cosem/apdu.go:348.2,355.9 7 1
github.com/gvtret/spodes-go/pkg/cosem/apdu.go:355.9,357.3 1 0
github.com/gvtret/spodes-go/pkg/cosem/apdu.go:358.2,359.16 2 1
github.com/gvtret/spodes-go/pkg/cosem/apdu.go:359.16,361.3 1 0
github.com/gvtret/spodes-go/pkg/cosem/apdu.go:362.2,364.12 2 1
github.com/gvtret/spodes-go/pkg/cosem/apdu.go:368.51,377.16 4 1
github.com/gvtret/spodes-go/pkg/cosem/apdu.go:377.16,379.3 1 0
github.com/gvtret/spodes-go/pkg/cosem/apdu.go:381.2,389.16 3 1
github.com/gvtret/spodes-go/pkg/cosem/apdu.go:389.16,391.3 1 0
github.com/gvtret/spodes-go/pkg/cosem/apdu.go:393.2,394.17 2 1
github.com/gvtret/spodes-go/pkg/cosem/apdu.go:398.51,399.19 1 1
github.com/gvtret/spodes-go/pkg/cosem/apdu.go:399.19,401.3 1 0
github.com/gvtret/spodes-go/pkg/cosem/apdu.go:403.2,403.45 1 1
github.com/gvtret/spodes-go/pkg/cosem/apdu.go:403.45,405.3 1 0
github.com/gvtret/spodes-go/pkg/cosem/apdu.go:407.2,408.16 2 1
github.com/gvtret/spodes-go/pkg/cosem/apdu.go:408.16,410.3 1 0
github.com/gvtret/spodes-go/pkg/cosem/apdu.go:411.2,412.9 2 1
github.com/gvtret/spodes-go/pkg/cosem/apdu.go:412.9,414.3 1 0
github.com/gvtret/spodes-go/pkg/cosem/apdu.go:416.2,416.29 1 1
github.com/gvtret/spodes-go/pkg/cosem/apdu.go:416.29,418.3 1 0
github.com/gvtret/spodes-go/pkg/cosem/apdu.go:420.2,421.9 2 1
github.com/gvtret/spodes-go/pkg/cosem/apdu.go:421.9,423.3 1 0
github.com/gvtret/spodes-go/pkg/cosem/apdu.go:424.2,427.9 3 1
github.com/gvtret/spodes-go/pkg/cosem/apdu.go:427.9,429.3 1 0
github.com/gvtret/spodes-go/pkg/cosem/apdu.go:431.2,432.9 2 1
github.com/gvtret/spodes-go/pkg/cosem/apdu.go:432.9,434.3 1 0
github.com/gvtret/spodes-go/pkg/cosem/apdu.go:436.2,436.32 1 1
github.com/gvtret/spodes-go/pkg/cosem/apdu.go:436.32,438.3 1 0
github.com/gvtret/spodes-go/pkg/cosem/apdu.go:440.2,441.9 2 1
github.com/gvtret/spodes-go/pkg/cosem/apdu.go:441.9,443.3 1 0
github.com/gvtret/spodes-go/pkg/cosem/apdu.go:445.2,446.9 2 1
github.com/gvtret/spodes-go/pkg/cosem/apdu.go:446.9,448.3 1 0
github.com/gvtret/spodes-go/pkg/cosem/apdu.go:449.2,449.26 1 1
github.com/gvtret/spodes-go/pkg/cosem/apdu.go:449.26,451.3 1 0
github.com/gvtret/spodes-go/pkg/cosem/apdu.go:453.2,454.9 2 1
github.com/gvtret/spodes-go/pkg/cosem/apdu.go:454.9,456.3 1 0
github.com/gvtret/spodes-go/pkg/cosem/apdu.go:458.2,465.9 7 1
github.com/gvtret/spodes-go/pkg/cosem/apdu.go:465.9,467.3 1 0
github.com/gvtret/spodes-go/pkg/cosem/apdu.go:468.2,469.16 2 1
github.com/gvtret/spodes-go/pkg/cosem/apdu.go:469.16,471.3 1 0
github.com/gvtret/spodes-go/pkg/cosem/apdu.go:472.2,474.12 2 1
github.com/gvtret/spodes-go/pkg/cosem/apdu.go:478.49,480.34 2 2
github.com/gvtret/spodes-go/pkg/cosem/apdu.go:480.34,485.3 1 1
github.com/gvtret/spodes-go/pkg/cosem/apdu.go:485.8,490.3 1 1
github.com/gvtret/spodes-go/pkg/cosem/apdu.go:492.2,493.16 2 2
github.com/gvtret/spodes-go/pkg/cosem/apdu.go:493.16,495.3 1 0
github.com/gvtret/spodes-go/pkg/cosem/apdu.go:496.2,505.16 4 2
github.com/gvtret/spodes-go/pkg/cosem/apdu.go:505.16,507.3 1 0
github.com/gvtret/spodes-go/pkg/cosem/apdu.go:509.2,510.17 2 2
github.com/gvtret/spodes-go/pkg/cosem/apdu.go:514.49,515.19 1 2
github.com/gvtret/spodes-go/pkg/cosem/apdu.go:515.19,517.3 1 0
github.com/gvtret/spodes-go/pkg/cosem/apdu.go:519.2,519.43 1 2
github.com/gvtret/spodes-go/pkg/cosem/apdu.go:519.43,521.3 1 0
github.com/gvtret/spodes-go/pkg/cosem/apdu.go:523.2,524.16 2 2
github.com/gvtret/spodes-go/pkg/cosem/apdu.go:524.16,526.3 1 0
github.com/gvtret/spodes-go/pkg/cosem/apdu.go:527.2,528.9 2 2
github.com/gvtret/spodes-go/pkg/cosem/apdu.go:528.9,530.3 1 0
github.com/gvtret/spodes-go/pkg/cosem/apdu.go:532.2,532.29 1 2
github.com/gvtret/spodes-go/pkg/cosem/apdu.go:532.29,534.3 1 0
github.com/gvtret/spodes-go/pkg/cosem/apdu.go:536.2,537.9 2 2
github.com/gvtret/spodes-go/pkg/cosem/apdu.go:537.9,539.3 1 0
github.com/gvtret/spodes-go/pkg/cosem/apdu.go:540.2,543.9 3 2
github.com/gvtret/spodes-go/pkg/cosem/apdu.go:543.9,545.3 1 0
github.com/gvtret/spodes-go/pkg/cosem/apdu.go:547.2,548.9 2 2
github.com/gvtret/spodes-go/pkg/cosem/apdu.go:548.9,550.3 1 0
github.com/gvtret/spodes-go/pkg/cosem/apdu.go:551.2,551.28 1 2
github.com/gvtret/spodes-go/pkg/cosem/apdu.go:551.28,553.3 1 0
github.com/gvtret/spodes-go/pkg/cosem/apdu.go:554.2,556.16 3 2
github.com/gvtret/spodes-go/pkg/cosem/apdu.go:556.16,558.3 1 0
github.com/gvtret/spodes-go/pkg/cosem/apdu.go:560.2,560.19 1 2
github.com/gvtret/spodes-go/pkg/cosem/apdu.go:561.9,563.32 2 1
github.com/gvtret/spodes-go/pkg/cosem/apdu.go:564.9,567.10 3 1
github.com/gvtret/spodes-go/pkg/cosem/apdu.go:567.10,569.4 1 0
github.com/gvtret/spodes-go/pkg/cosem/apdu.go:570.3,570.46 1 1
github.com/gvtret/spodes-go/pkg/cosem/apdu.go:571.10,572.75 1 0
github.com/gvtret/spodes-go/pkg/cosem/apdu.go:575.2,575.12 1 2
github.com/gvtret/spodes-go/pkg/cosem/apdu.go:579.49,587.16 3 1
github.com/gvtret/spodes-go/pkg/cosem/apdu.go:587.16,589.3 1 0
github.com/gvtret/spodes-go/pkg/cosem/apdu.go:591.2,592.17 2 1
github.com/gvtret/spodes-go/pkg/cosem/apdu.go:596.49,597.19 1 1
github.com/gvtret/spodes-go/pkg/cosem/apdu.go:597.19,599.3 1 0
github.com/gvtret/spodes-go/pkg/cosem/apdu.go:601.2,601.43 1 1
github.com/gvtret/spodes-go/pkg/cosem/apdu.go:601.43,603.3 1 0
github.com/gvtret/spodes-go/pkg/cosem/apdu.go:605.2,606.16 2 1
github.com/gvtret/spodes-go/pkg/cosem/apdu.go:606.16,608.3 1 0
github.com/gvtret/spodes-go/pkg/cosem/apdu.go:609.2,610.9 2 1
github.com/gvtret/spodes-go/pkg/cosem/apdu.go:610.9,612.3 1 0
github.com/gvtret/spodes-go/pkg/cosem/apdu.go:614.2,614.29 1 1
github.com/gvtret/spodes-go/pkg/cosem/apdu.go:614.29,616.3 1 0
github.com/gvtret/spodes-go/pkg/cosem/apdu.go:618.2,619.9 2 1
github.com/gvtret/spodes-go/pkg/cosem/apdu.go:619.9,621.3 1 0
github.com/gvtret/spodes-go/pkg/cosem/apdu.go:622.2,625.9 3 1
github.com/gvtret/spodes-go/pkg/cosem/apdu.go:625.9,627.3 1 0
github.com/gvtret/spodes-go/pkg/cosem/apdu.go:629.2,630.9 2 1
github.com/gvtret/spodes-go/pkg/cosem/apdu.go:630.9,632.3 1 0
github.com/gvtret/spodes-go/pkg/cosem/apdu.go:633.2,635.12 2 1
github.com/gvtret/spodes-go/pkg/cosem/apdu.go:639.52,641.34 2 1
github.com/gvtret/spodes-go/pkg/cosem/apdu.go:641.34,646.3 1 0
github.com/gvtret/spodes-go/pkg/cosem/apdu.go:646.8,651.3 1 1
github.com/gvtret/spodes-go/pkg/cosem/apdu.go:653.2,654.16 2 1
github.com/gvtret/spodes-go/pkg/cosem/apdu.go:654.16,656.3 1 0
github.com/gvtret/spodes-go/pkg/cosem/apdu.go:657.2,666.16 4 1
github.com/gvtret/spodes-go/pkg/cosem/apdu.go:666.16,668.3 1 0
github.com/gvtret/spodes-go/pkg/cosem/apdu.go:670.2,671.17 2 1
github.com/gvtret/spodes-go/pkg/cosem/apdu.go:675.52,676.19 1 1
github.com/gvtret/spodes-go/pkg/cosem/apdu.go:676.19,678.3 1 0
github.com/gvtret/spodes-go/pkg/cosem/apdu.go:680.2,680.46 1 1
github.com/gvtret/spodes-go/pkg/cosem/apdu.go:680.46,682.3 1 0
github.com/gvtret/spodes-go/pkg/cosem/apdu.go:684.2,685.16 2 1
github.com/gvtret/spodes-go/pkg/cosem/apdu.go:685.16,687.3 1 0
github.com/gvtret/spodes-go/pkg/cosem/apdu.go:688.2,689.9 2 1
github.com/gvtret/spodes-go/pkg/cosem/apdu.go:689.9,691.3 1 0
github.com/gvtret/spodes-go/pkg/cosem/apdu.go:693.2,693.29 1 1
github.com/gvtret/spodes-go/pkg/cosem/apdu.go:693.29,695.3 1 0
github.com/gvtret/spodes-go/pkg/cosem/apdu.go:697.2,698.9 2 1
github.com/gvtret/spodes-go/pkg/cosem/apdu.go:698.9,700.3 1 0
github.com/gvtret/spodes-go/pkg/cosem/apdu.go:701.2,704.9 3 1
github.com/gvtret/spodes-go/pkg/cosem/apdu.go:704.9,706.3 1 0
github.com/gvtret/spodes-go/pkg/cosem/apdu.go:708.2,709.9 2 1
github.com/gvtret/spodes-go/pkg/cosem/apdu.go:709.9,711.3 1 0
github.com/gvtret/spodes-go/pkg/cosem/apdu.go:712.2,712.28 1 1
github.com/gvtret/spodes-go/pkg/cosem/apdu.go:712.28,714.3 1 0
github.com/gvtret/spodes-go/pkg/cosem/apdu.go:715.2,717.16 3 1
github.com/gvtret/spodes-go/pkg/cosem/apdu.go:717.16,719.3 1 0
github.com/gvtret/spodes-go/pkg/cosem/apdu.go:721.2,721.19 1 1
github.com/gvtret/spodes-go/pkg/cosem/apdu.go:722.9,724.32 2 1
github.com/gvtret/spodes-go/pkg/cosem/apdu.go:725.9,728.10 3 0
github.com/gvtret/spodes-go/pkg/cosem/apdu.go:728.10,730.4 1 0
github.com/gvtret/spodes-go/pkg/cosem/apdu.go:731.3,731.46 1 0
github.com/gvtret/spodes-go/pkg/cosem/apdu.go:732.10,733.74 1 0
github.com/gvtret/spodes-go/pkg/cosem/apdu.go:736.2,736.12 1 1
github.com/gvtret/spodes-go/pkg/cosem/application.go:10.36,14.2 1 3
github.com/gvtret/spodes-go/pkg/cosem/application.go:18.59,21.2 2 3
github.com/gvtret/spodes-go/pkg/cosem/application.go:25.79,28.2 2 6
github.com/gvtret/spodes-go/pkg/cosem/application.go:31.72,38.12 3 2
github.com/gvtret/spodes-go/pkg/cosem/application.go:38.12,44.3 2 1
github.com/gvtret/spodes-go/pkg/cosem/application.go:46.2,47.16 2 1
github.com/gvtret/spodes-go/pkg/cosem/application.go:47.16,48.14 1 0
github.com/gvtret/spodes-go/pkg/cosem/application.go:49.33,53.5 1 0
github.com/gvtret/spodes-go/pkg/cosem/application.go:54.24,58.5 1 0
github.com/gvtret/spodes-go/pkg/cosem/application.go:59.11,63.5 1 0
github.com/gvtret/spodes-go/pkg/cosem/application.go:65.3,65.14 1 0
github.com/gvtret/spodes-go/pkg/cosem/application.go:68.2,72.13 2 1
github.com/gvtret/spodes-go/pkg/cosem/application.go:76.72,83.12 3 2
github.com/gvtret/spodes-go/pkg/cosem/application.go:83.12,86.3 2 1
github.com/gvtret/spodes-go/pkg/cosem/application.go:88.2,89.16 2 1
github.com/gvtret/spodes-go/pkg/cosem/application.go:89.16,90.14 1 0
github.com/gvtret/spodes-go/pkg/cosem/application.go:91.33,92.36 1 0
github.com/gvtret/spodes-go/pkg/cosem/application.go:93.24,94.35 1 0
github.com/gvtret/spodes-go/pkg/cosem/application.go:95.28,96.32 1 0
github.com/gvtret/spodes-go/pkg/cosem/application.go:97.11,98.30 1 0
github.com/gvtret/spodes-go/pkg/cosem/application.go:100.3,100.14 1 0
github.com/gvtret/spodes-go/pkg/cosem/application.go:103.2,104.13 2 1
github.com/gvtret/spodes-go/pkg/cosem/application.go:108.81,115.12 3 2
github.com/gvtret/spodes-go/pkg/cosem/application.go:115.12,121.3 2 1
github.com/gvtret/spodes-go/pkg/cosem/application.go:123.2,124.9 2 1
github.com/gvtret/spodes-go/pkg/cosem/application.go:124.9,130.3 2 0
github.com/gvtret/spodes-go/pkg/cosem/application.go:132.2,133.16 2 1
github.com/gvtret/spodes-go/pkg/cosem/application.go:133.16,134.14 1 0
github.com/gvtret/spodes-go/pkg/cosem/application.go:135.30,139.5 1 0
github.com/gvtret/spodes-go/pkg/cosem/application.go:140.24,144.5 1 0
github.com/gvtret/spodes-go/pkg/cosem/application.go:145.28,149.5 1 0
github.com/gvtret/spodes-go/pkg/cosem/application.go:150.11,154.5 1 0
github.com/gvtret/spodes-go/pkg/cosem/application.go:156.3,156.14 1 0
github.com/gvtret/spodes-go/pkg/cosem/application.go:159.2,163.13 2 1
github.com/gvtret/spodes-go/pkg/cosem/base.go:102.40,104.2 1 12
github.com/gvtret/spodes-go/pkg/cosem/base.go:107.45,109.2 1 15
github.com/gvtret/spodes-go/pkg/cosem/base.go:114.72,116.13 2 67
github.com/gvtret/spodes-go/pkg/cosem/base.go:116.13,118.3 1 4
github.com/gvtret/spodes-go/pkg/cosem/base.go:120.2,120.36 1 63
github.com/gvtret/spodes-go/pkg/cosem/base.go:120.36,122.3 1 1
github.com/gvtret/spodes-go/pkg/cosem/base.go:123.2,123.24 1 62
github.com/gvtret/spodes-go/pkg/cosem/base.go:130.76,132.13 2 14
github.com/gvtret/spodes-go/pkg/cosem/base.go:132.13,134.3 1 1
github.com/gvtret/spodes-go/pkg/cosem/base.go:135.2,135.37 1 13
github.com/gvtret/spodes-go/pkg/cosem/base.go:135.37,137.3 1 1
github.com/gvtret/spodes-go/pkg/cosem/base.go:138.2,138.40 1 12
github.com/gvtret/spodes-go/pkg/cosem/base.go:138.40,140.3 1 4
github.com/gvtret/spodes-go/pkg/cosem/base.go:141.2,143.12 3 8
github.com/gvtret/spodes-go/pkg/cosem/base.go:150.89,152.13 2 8
github.com/gvtret/spodes-go/pkg/cosem/base.go:152.13,154.3 1 2
github.com/gvtret/spodes-go/pkg/cosem/base.go:156.2,156.37 1 6
github.com/gvtret/spodes-go/pkg/cosem/base.go:156.37,158.3 1 1
github.com/gvtret/spodes-go/pkg/cosem/base.go:160.2,160.47 1 5
github.com/gvtret/spodes-go/pkg/cosem/base.go:160.47,162.3 1 1
github.com/gvtret/spodes-go/pkg/cosem/base.go:164.2,164.35 1 4
github.com/gvtret/spodes-go/pkg/cosem/base.go:164.35,165.52 1 2
github.com/gvtret/spodes-go/pkg/cosem/base.go:165.52,167.4 1 1
github.com/gvtret/spodes-go/pkg/cosem/base.go:170.2,170.35 1 3
github.com/gvtret/spodes-go/pkg/cosem/base.go:176.73,177.55 1 14
github.com/gvtret/spodes-go/pkg/cosem/base.go:177.55,179.3 1 10
github.com/gvtret/spodes-go/pkg/cosem/base.go:180.2,180.26 1 4
github.com/gvtret/spodes-go/pkg/cosem/base.go:186.64,187.51 1 6
github.com/gvtret/spodes-go/pkg/cosem/base.go:187.51,189.3 1 3
github.com/gvtret/spodes-go/pkg/cosem/base.go:190.2,190.23 1 3
github.com/gvtret/spodes-go/pkg/cosem/clock.go:20.46,79.2 3 0
github.com/gvtret/spodes-go/pkg/cosem/data.go:24.63,26.64 1 21
github.com/gvtret/spodes-go/pkg/cosem/data.go:26.64,28.3 1 0
github.com/gvtret/spodes-go/pkg/cosem/data.go:31.2,31.46 1 21
github.com/gvtret/spodes-go/pkg/cosem/data.go:31.46,33.3 1 1
github.com/gvtret/spodes-go/pkg/cosem/data.go:36.2,59.8 3 20
github.com/gvtret/spodes-go/pkg/cosem/data.go:66.68,68.2 1 33
github.com/gvtret/spodes-go/pkg/cosem/data.go:73.72,74.22 1 7
github.com/gvtret/spodes-go/pkg/cosem/data.go:74.22,76.3 1 2
github.com/gvtret/spodes-go/pkg/cosem/data.go:79.2,79.46 1 5
github.com/gvtret/spodes-go/pkg/cosem/data.go:79.46,81.3 1 1
github.com/gvtret/spodes-go/pkg/cosem/data.go:83.2,83.52 1 4
github.com/gvtret/spodes-go/pkg/cosem/data.go:87.85,89.2 1 1
github.com/gvtret/spodes-go/pkg/cosem/data.go:92.69,94.2 1 3
github.com/gvtret/spodes-go/pkg/cosem/data.go:98.60,100.2 1 1
github.com/gvtret/spodes-go/pkg/cosem/obiscode.go:18.52,22.2 3 0
github.com/gvtret/spodes-go/pkg/cosem/obiscode.go:27.49,30.26 2 3
github.com/gvtret/spodes-go/pkg/cosem/obiscode.go:30.26,32.3 1 18
github.com/gvtret/spodes-go/pkg/cosem/obiscode.go:34.2,35.38 2 3
github.com/gvtret/spodes-go/pkg/cosem/obiscode.go:42.61,46.16 3 87
github.com/gvtret/spodes-go/pkg/cosem/obiscode.go:46.16,48.3 1 7
github.com/gvtret/spodes-go/pkg/cosem/obiscode.go:50.2,50.16 1 80
github.com/gvtret/spodes-go/pkg/cosem/obiscode.go:57.55,63.22 5 87
github.com/gvtret/spodes-go/pkg/cosem/obiscode.go:63.22,65.3 1 4
github.com/gvtret/spodes-go/pkg/cosem/obiscode.go:67.2,69.31 2 83
github.com/gvtret/spodes-go/pkg/cosem/obiscode.go:69.31,71.17 2 498
github.com/gvtret/spodes-go/pkg/cosem/obiscode.go:71.17,73.4 1 3
github.com/gvtret/spodes-go/pkg/cosem/obiscode.go:75.3,75.22 1 495
github.com/gvtret/spodes-go/pkg/cosem/obiscode.go:78.2,80.12 3 80
github.com/gvtret/spodes-go/pkg/cosem/obiscode.go:84.36,86.2 1 64
github.com/gvtret/spodes-go/pkg/cosem/obiscode.go:89.36,91.2 1 7
github.com/gvtret/spodes-go/pkg/cosem/profile_generic.go:27.203,81.2 3 0
github.com/gvtret/spodes-go/pkg/cosem/register.go:105.94,107.64 1 13
github.com/gvtret/spodes-go/pkg/cosem/register.go:107.64,109.3 1 0
github.com/gvtret/spodes-go/pkg/cosem/register.go:112.2,112.46 1 13
github.com/gvtret/spodes-go/pkg/cosem/register.go:112.46,114.3 1 1
github.com/gvtret/spodes-go/pkg/cosem/register.go:117.2,118.57 2 12
github.com/gvtret/spodes-go/pkg/cosem/register.go:118.57,120.3 1 0
github.com/gvtret/spodes-go/pkg/cosem/register.go:123.2,147.61 2 12
github.com/gvtret/spodes-go/pkg/cosem/register.go:147.61,156.5 3 2
github.com/gvtret/spodes-go/pkg/cosem/register.go:160.2,167.8 1 12
github.com/gvtret/spodes-go/pkg/cosem/register.go:175.72,177.2 1 27
github.com/gvtret/spodes-go/pkg/cosem/register.go:183.76,184.42 1 6
github.com/gvtret/spodes-go/pkg/cosem/register.go:184.42,186.3 1 2
github.com/gvtret/spodes-go/pkg/cosem/register.go:189.2,189.46 1 4
github.com/gvtret/spodes-go/pkg/cosem/register.go:189.46,191.3 1 1
github.com/gvtret/spodes-go/pkg/cosem/register.go:193.2,193.52 1 3
github.com/gvtret/spodes-go/pkg/cosem/register.go:199.89,201.2 1 3
github.com/gvtret/spodes-go/pkg/cosem/register.go:204.73,206.2 1 4
github.com/gvtret/spodes-go/pkg/cosem/register.go:209.64,211.2 1 2
